Epoch	Train loss	Val acc
2	6.6918225	0.014960535
3	6.613803	-1.0
4	6.303193	0.1093146
5	5.5294952	-1.0
6	6.2253804	0.1996416
7	5.664062	-1.0
8	5.1267004	0.2841696
9	5.7950015	-1.0
10	5.484267	0.34127337
11	5.249283	-1.0
12	5.863692	0.3987798
13	4.356256	-1.0
14	4.202304	0.44495007
15	5.366642	-1.0
16	5.447341	0.46734053
17	3.6770253	-1.0
18	5.343094	0.5017719
19	3.6319876	-1.0
20	5.2502127	0.51272553
21	3.922875	-1.0
22	4.6382523	0.5330018
23	4.1349154	-1.0
24	5.113906	0.54580784
25	5.2819667	-1.0
26	4.2905006	0.55563384
27	3.9789038	-1.0
28	4.107335	0.5678761
29	5.318495	-1.0
30	3.962023	0.58191043
31	3.232817	-1.0
32	3.5602016	0.58384347
33	4.525691	-1.0
34	3.6922903	0.5906491
35	3.6439795	-1.0
36	4.9914455	0.5953608
37	3.4013133	-1.0
38	4.104718	0.59548163
39	4.39715	-1.0
40	4.583262	0.6036163
41	4.793729	-1.0
42	4.5942287	0.61161
43	4.277649	-1.0
44	3.8692033	0.6124356
45	4.568155	-1.0
46	4.386586	0.6172278
47	3.9752393	-1.0
48	4.025401	0.6191406
49	4.330321	-1.0
50	4.81073	0.6252618
51	4.793645	-1.0
52	4.867786	0.62942976
53	3.0528016	-1.0
54	4.5274906	0.62832236
55	5.017873	-1.0
56	4.6689095	0.6304567
57	4.561737	-1.0
58	4.640285	0.63710135
59	4.64078	-1.0
60	4.4675345	0.6387927
61	4.0588374	-1.0
62	3.844988	0.63863164
63	4.344122	-1.0
64	4.574302	0.6443702
65	4.504693	-1.0
66	4.088172	0.6492429
67	4.7749705	-1.0
68	4.3381014	0.6508336
69	3.550578	-1.0
70	3.6279073	0.649263
71	4.9179807	-1.0
72	4.0081186	0.6529881
73	3.9901073	-1.0
74	4.814832	0.6567735
75	3.8325758	-1.0
76	3.2934954	0.65473986
77	3.6761274	-1.0
78	4.218855	0.65788096
79	3.2098718	-1.0
80	4.535672	0.65999514
81	4.380263	-1.0
82	4.224207	0.6605791
83	3.651451	-1.0
84	3.370755	0.6615657
85	4.249685	-1.0
86	3.9686294	0.6669016
87	3.2056072	-1.0
88	3.232809	0.66478735
89	2.8580968	-1.0
90	3.278569	0.6669419
91	4.5932784	-1.0
92	3.9070992	0.66855264
93	4.4596887	-1.0
94	3.456203	0.6706669
95	4.200143	-1.0
96	3.669115	0.672318
97	4.069663	-1.0
98	3.5449286	0.6712709
99	3.3852763	-1.0
100	4.484322	0.6779156
101	4.473797	-1.0
102	3.0975797	0.6770699
103	3.870724	-1.0
104	3.3237133	0.67835855
105	4.088374	-1.0
106	4.3057504	0.6812983
107	3.667788	-1.0
108	4.396786	0.6819024
109	3.6412067	-1.0
110	2.8211918	0.68246615
111	2.9943142	-1.0
112	3.711091	0.6822447
113	4.0344615	-1.0
114	4.4623833	0.6841374
115	3.3155034	-1.0
116	4.1729264	0.68486226
117	3.800902	-1.0
118	3.194058	0.6888088
119	3.3641615	-1.0
120	3.1618762	0.6873993
121	4.3998957	-1.0
122	4.4463377	0.6892719
123	4.058609	-1.0
124	4.44845	0.6909029
125	4.585904	-1.0
126	3.0322895	0.69080216
127	2.651869	-1.0
128	3.9927528	0.69372183
129	4.1799593	-1.0
130	2.8868818	0.6979301
131	3.3014598	-1.0
132	2.9591556	0.6984536
133	4.200593	-1.0
134	4.3114443	0.69944024
135	4.074117	-1.0
136	2.7446384	0.7035881
137	3.6482549	-1.0
138	3.4264407	0.7009907
139	2.7641282	-1.0
140	4.140537	0.703427
141	4.260325	-1.0
142	3.3083541	0.704615
143	3.000352	-1.0
144	3.4040418	0.7043734
145	3.5046706	-1.0
146	4.1997776	0.70531976
147	2.7783332	-1.0
148	3.714769	0.7071118
149	3.3743157	-1.0
150	3.9683065	0.70747423
151	3.4866	-1.0
152	3.9463537	0.711159
153	2.9573808	-1.0
154	3.572106	0.71162206
155	3.813219	-1.0
156	3.6665032	0.71093744
157	2.9360557	-1.0
158	3.208715	0.71484375
159	3.4032228	-1.0
160	2.9399333	0.7147632
161	3.7610588	-1.0
162	2.9385839	0.71492434
163	3.0829535	-1.0
164	2.7741086	0.71804523
165	3.7578065	-1.0
166	4.3530207	0.7174412
167	3.101093	-1.0
168	4.402974	0.7196359
169	3.6193902	-1.0
170	4.348468	0.72207236
171	3.8122385	-1.0
172	4.304839	0.72021985
173	3.5887427	-1.0
174	2.782758	0.7228979
175	3.3495698	-1.0
176	3.9008138	0.7205018
177	4.1099157	-1.0
178	3.9988835	0.7240658
179	3.7248032	-1.0
180	4.098381	0.72390467
181	4.116603	-1.0
182	3.9514096	0.7248913
183	3.2725315	-1.0
184	3.2317607	0.7239449
185	3.8567026	-1.0
186	3.2155228	0.72557586
187	3.1684732	-1.0
188	3.3873098	0.72823375
189	3.2686663	-1.0
190	3.8293607	0.72662294
191	2.6766374	-1.0
192	3.7022395	0.7277907
193	4.0713887	-1.0
194	3.020743	0.72960293
195	3.975686	-1.0
196	4.1574664	0.7289184
197	3.8500211	-1.0
198	2.4491773	0.7294822
199	3.056356	-1.0
200	3.7201197	0.72984457
201	2.8731978	-1.0
202	3.2941387	0.73103255
203	3.252347	-1.0
204	3.6765585	0.7304486
205	3.9655871	-1.0
206	3.9575922	0.730509
207	2.9876254	-1.0
208	3.7810771	0.7301265
209	3.1441648	-1.0
210	3.5501592	0.73109293
211	3.0691948	-1.0
212	2.6064644	0.7315963
213	3.7580423	-1.0
214	2.5976648	0.730952
215	2.6378207	-1.0
216	3.8630605	0.73062986
217	3.658168	-1.0
218	3.8554566	0.73203933
219	2.9172769	-1.0
220	3.4187448	0.7318581
221	3.6913047	-1.0
222	4.1667023	0.73155606
223	3.1100528	-1.0
224	2.5538278	0.73081106
225	3.7525773	-1.0
226	4.095165	0.73137486
227	3.3920784	-1.0
228	3.8278682	0.7331065
229	3.5095224	-1.0
230	2.834996	0.7307104
231	4.152892	-1.0
232	3.6587589	0.73119366
233	4.1136885	-1.0
234	4.014662	0.73234135
235	3.0296984	-1.0
236	4.339667	0.73282456
237	4.4237485	-1.0
238	3.9207797	0.73244196
239	3.551477	-1.0
240	2.8314004	0.7321601
241	2.8726568	-1.0
242	3.9923687	0.7329856
243	3.7809458	-1.0
244	3.4444163	0.73209965
245	2.588313	-1.0
246	2.6410184	0.73348904
247	3.9923916	-1.0
248	3.6702924	0.73268366
249	3.9240656	-1.0
250	3.859531	0.7314554
251	2.7674758	-1.0
252	4.090446	0.731838
253	3.7223606	-1.0
254	3.4289935	0.7322004
255	3.9049013	-1.0
256	3.7973456	0.731395
257	3.4561167	-1.0
258	3.8418047	0.7329856
259	2.9341536	-1.0
260	2.8110094	0.7328447
261	4.128866	-1.0
262	3.789422	0.7318782
263	2.5947452	-1.0
264	3.7574162	0.7332071
265	2.7596514	-1.0
266	4.028142	0.7324017
267	2.762442	-1.0
268	3.6161885	0.73105264
269	2.9631782	-1.0
270	3.9944491	0.73308635
271	3.8691847	-1.0
272	3.6351385	0.7327038
273	3.0378737	-1.0
274	2.9953604	0.733932
275	4.2058144	-1.0
276	3.2555585	0.7328447
277	2.3981237	-1.0
278	2.6318517	0.7330662
279	3.6684656	-1.0
280	3.0461497	0.7320795
281	3.138638	-1.0
282	3.8099833	0.73270375
283	2.5911484	-1.0
284	3.521	0.7333682
285	3.5567315	-1.0
286	3.8304424	0.734073
287	4.0163684	-1.0
288	3.5696893	0.732442
289	3.4767842	-1.0
290	3.1036596	0.7340126
291	3.8403811	-1.0
292	3.2611637	0.73344874
293	3.2195725	-1.0
294	3.345899	0.73286486
295	3.4675944	-1.0
296	3.9310572	0.73365015
297	3.9788733	-1.0
298	3.7744002	0.7314956
299	2.3868265	-1.0
300	3.800763	0.7324219