Epoch	TrainLoss	ValAcc	Time
1	6.8464966	0.798	736.74
2	6.7004991	2.994	486.04
3	6.3564568	6.562	500.27
4	6.4010396	10.072	500.67
5	5.6124973	14.180	500.53
6	5.3232007	17.978	499.88
7	5.7450829	21.508	501.49
8	4.9127631	25.514	508.90
9	6.1639423	28.412	503.13
10	4.4951940	32.598	502.12
11	4.2185941	36.314	502.48
12	5.9185109	37.890	502.42
13	5.0322232	41.378	501.58
14	4.2264767	43.994	503.37
15	4.7444549	46.342	501.00
16	4.3503261	47.904	503.28
17	3.5573781	49.950	502.46
18	4.7498975	51.868	499.78
19	3.4179335	53.186	502.03
20	5.0479169	54.360	500.60
21	5.2890420	56.356	499.31
22	5.0997891	57.060	499.82
23	5.8708839	57.882	500.57
24	4.9967484	58.948	499.51
25	3.2896950	59.736	499.38
26	3.0397635	60.758	498.72
27	4.2055602	61.230	498.21
28	3.1434195	62.082	498.23
29	5.5269790	61.682	498.83
30	5.0511403	63.264	500.25
31	4.8603473	63.668	495.27
32	4.6180382	63.982	497.13
33	4.9421854	64.768	495.91
34	4.2997613	64.918	495.99
35	2.9101837	65.462	497.40
36	2.7724779	65.760	494.33
37	4.5474315	65.704	495.46
38	4.4616823	66.684	498.43
39	4.7604613	67.108	496.30
40	4.4263511	67.268	494.16
41	3.5651605	67.576	492.83
42	3.9767072	68.116	494.02
43	2.6704195	68.322	492.11
44	4.7021213	68.398	492.30
45	4.1614509	68.748	490.91
46	3.7551105	69.214	491.13
47	4.2419915	69.484	493.72
48	5.0917535	69.336	493.64
49	4.1671453	70.204	494.08
50	4.4599471	70.264	492.52
51	3.0942571	70.566	494.67
52	2.3239298	70.694	494.19
53	2.6916907	70.772	494.99
54	4.1969748	71.258	494.12
55	4.1507821	71.080	493.04
56	3.6651218	71.350	495.70
57	2.6112053	71.514	491.97
58	2.5985420	71.744	491.91
59	4.1937442	72.232	492.81
60	4.3752427	71.608	491.14
61	2.4898889	72.290	493.26
62	4.1990886	72.522	490.92
63	2.2901940	72.470	491.84
64	2.6594377	72.664	492.85
65	3.6768436	72.700	491.02
66	3.8559780	72.516	491.59
67	4.2636886	73.212	494.20
68	4.1558528	73.128	491.24
69	2.9699843	73.392	494.51
70	4.6231732	73.286	489.59
71	4.2263794	73.020	494.24
72	2.6812289	73.294	489.89
73	3.9310772	73.422	492.32
74	4.5315900	73.990	492.65
75	2.2931221	73.898	491.86
76	2.3736708	73.754	492.76
77	3.5810835	73.904	490.72
78	2.4129703	74.176	494.05
79	3.4721072	74.058	491.11
80	3.8073161	74.172	491.14
81	2.5113189	73.928	492.20
82	4.2625632	74.236	495.29
83	2.4633663	74.526	493.06
84	3.0472105	74.372	491.01
85	2.4763911	74.342	492.42
86	4.1210737	74.534	494.22
87	3.1600807	74.238	491.08
88	4.0113821	74.328	490.52
89	4.2518930	74.774	495.27
90	3.2836406	74.648	491.28
91	4.3752365	74.980	492.42
92	2.5351202	74.792	490.49
93	3.8378334	74.940	488.29
94	2.4389503	74.886	487.16
95	3.6697171	74.860	487.14
96	3.1838624	74.712	490.78
97	2.9999721	75.438	490.66
98	3.4006293	74.838	489.57
99	3.7300532	75.380	489.72
100	2.5299859	75.378	490.03
101	2.2739701	75.400	489.18
102	2.5248048	75.154	489.72
103	3.8288822	75.352	488.76
104	3.9081774	75.424	488.58
105	4.3232484	75.540	489.40
106	4.0261073	75.426	489.36
107	4.1312757	75.568	490.18
108	3.1040781	75.620	488.00
109	2.6418984	75.556	488.31
110	3.9199245	75.568	491.51
111	2.3017271	75.814	491.07
112	4.2271962	75.872	489.25
113	3.2639265	75.948	491.07
114	2.3407657	75.972	488.22
115	3.7152913	76.170	489.74
116	3.8891315	75.906	488.44
117	3.7265928	76.230	492.40
118	2.3771200	76.104	489.40
119	2.3747914	76.138	491.40
120	2.1748495	76.104	490.24
121	3.0501306	76.278	490.93
122	2.7765045	76.392	490.53
123	2.7424631	76.046	488.54
124	4.3604832	76.026	490.47
125	3.9723272	76.366	490.42
126	3.2745597	76.538	488.34
127	2.3325737	76.442	487.71
128	3.7600782	76.646	489.21
129	2.7250726	76.838	488.11
130	3.0654562	76.618	487.25
131	3.4198740	76.902	492.61
132	2.0807159	76.782	488.21
133	2.7414315	76.802	491.05
134	3.2673645	76.830	489.93
135	2.1185699	77.248	491.27
136	2.2305689	76.988	490.80
137	3.3073809	76.924	489.51
138	3.7200527	77.130	489.28
139	3.7351582	76.964	489.76
140	2.8284271	76.912	489.62
141	2.1679561	76.626	490.60
142	3.9644623	77.136	491.16
143	3.6435640	77.212	492.44
144	2.2561133	77.400	495.09
145	3.7719977	77.288	488.82
146	2.3313015	77.480	489.86
147	3.3239872	77.496	490.60
148	3.8387263	77.012	487.02
149	4.1448998	77.336	487.97
150	2.3009233	77.316	486.51
151	2.1933677	77.390	488.16
152	4.0428739	77.690	487.22
153	3.6786234	77.634	483.85
154	2.0779216	77.758	487.60
155	3.3420687	77.560	486.49
156	3.1219294	77.872	486.31
157	1.9517196	77.548	487.53
158	3.5025215	77.792	485.70
159	3.2869041	77.822	486.23
160	2.0189474	77.906	487.20
161	2.3679202	77.796	483.93
162	2.0873477	77.934	486.88
163	3.5264413	77.946	487.41
164	2.3887460	77.704	486.23
165	3.4872782	77.882	487.52
166	3.5488908	78.210	486.39
167	4.1545677	78.246	488.32
168	3.5433104	78.322	488.42
169	3.8308213	78.196	486.02
170	3.4516385	78.144	490.46
171	1.9967966	78.204	486.60
172	3.5560844	78.326	487.99
173	2.0918281	78.212	485.85
174	3.6224785	78.326	485.39
175	2.1442347	78.390	487.88
176	3.9635477	78.428	487.12
177	3.7611341	78.544	484.51
178	3.5301447	78.512	483.59
179	2.4231589	78.376	487.03
180	3.2946339	78.508	487.36
181	3.5030372	78.880	488.85
182	1.9936892	78.840	486.31
183	3.4409611	78.836	487.74
184	3.4614608	78.752	486.60
185	3.5137422	78.780	484.40
186	3.5833352	78.772	484.31
187	2.0903709	78.684	484.92
188	3.4006290	79.084	489.74
189	2.7114146	79.058	486.68
190	3.2256305	78.830	486.93
191	2.0148766	79.062	486.09
192	2.4456217	79.068	486.68
193	3.8602524	79.130	486.52
194	2.2486944	79.136	487.28
195	1.7950653	79.078	484.48
196	3.1806843	79.178	487.25
197	3.5190141	79.164	485.81
198	3.0595844	79.292	487.00
199	3.3354778	79.396	487.33
200	2.6501820	79.322	483.61
201	3.5089419	79.434	488.74
202	3.3971508	79.486	486.20
203	3.6016531	79.500	487.08
204	2.0070145	79.672	486.44
205	3.4890509	79.616	484.36
206	3.1947062	79.666	487.37
207	3.1911600	79.718	486.89
208	1.9037962	79.826	487.44
209	1.8562115	79.684	487.82
210	3.6713133	79.846	487.60
211	2.8438158	79.808	483.33
212	3.2178860	79.774	487.65
213	2.8372748	79.868	488.64
214	1.9046141	79.778	484.80
215	2.2846949	79.926	486.98
216	3.4136293	79.872	483.76
217	2.1607361	80.072	487.49
218	3.2848427	80.022	485.71
219	1.9554895	80.180	487.04
220	1.8544011	80.016	486.16
221	3.4741983	80.058	488.64
222	3.9797122	80.264	488.16
223	2.8879843	80.468	487.69
224	1.8397845	80.130	486.92
225	1.9231435	80.320	488.66
226	3.4800956	80.414	487.91
227	1.8389803	80.382	486.13
228	2.3042817	80.402	487.54
229	2.8586433	80.448	486.78
230	1.8055452	80.504	487.74
231	1.7494041	80.398	485.18
232	2.0898614	80.474	485.23
233	3.8127725	80.624	487.03
234	2.3449044	80.444	484.38
235	3.2263377	80.550	486.99
236	1.8833221	80.610	486.47
237	1.8663398	80.510	486.54
238	2.7925777	80.588	486.42
239	2.2542048	80.620	484.42
240	3.3270607	80.780	486.04
241	3.1525154	80.842	488.79
242	2.1130750	80.800	485.22
243	3.6397173	80.712	483.13
244	3.4275553	80.674	486.85
245	3.2240169	80.776	484.98
246	1.8005706	80.878	483.81
247	1.7621059	80.864	484.94
248	3.1404116	81.002	488.72
249	2.9476376	81.044	485.45
250	3.2657061	81.000	484.97
251	1.8314643	80.948	486.86
252	3.0091140	80.958	485.41
253	2.1744525	81.008	487.56
254	1.6576424	80.958	485.91
255	3.4760811	80.920	487.78
256	2.5391419	81.266	487.59
257	2.6232731	81.140	486.07
258	3.3802912	81.124	483.68
259	1.8310381	81.234	487.90
260	2.7850533	81.248	488.10
261	2.8286574	81.156	487.82
262	1.9257120	81.148	486.92
263	2.6588957	81.248	486.02
264	1.5892071	81.266	486.02
265	3.4677010	81.106	487.54
266	3.4895401	81.214	487.35
267	1.7449126	81.322	487.83
268	3.1561890	81.240	484.32
269	3.1685359	81.178	486.64
270	2.9986773	81.340	486.16
271	2.8020623	81.388	487.90
272	3.0344503	81.376	486.73
273	2.9544144	81.430	487.08
274	3.1387842	81.328	485.74
275	2.9228661	81.366	485.33
276	1.7226955	81.430	486.33
277	3.0554349	81.432	483.74
278	1.9625865	81.374	482.87
279	2.2477274	81.338	489.40
280	1.5844096	81.422	488.31
281	2.1563239	81.496	488.35
282	3.3061876	81.520	487.46
283	3.2717040	81.546	487.99
284	1.7377836	81.520	484.93
285	1.7125243	81.608	488.83
286	1.7863199	81.510	483.98
287	1.6456385	81.484	485.97
288	2.6807120	81.582	487.61
289	2.4917710	81.536	486.69
290	3.0104125	81.540	489.39
291	2.7727492	81.566	487.34
292	3.0865986	81.564	487.29
293	3.1128471	81.582	487.18
294	2.6782320	81.568	488.98
295	1.9100314	81.584	487.13
296	2.7049859	81.568	487.19
297	3.2000399	81.560	488.25
298	2.6142001	81.574	487.59
299	1.7738376	81.576	486.58
300	3.0241964	81.590	474.17
